{
  "RSpec": {
    "coverage": {
      "/home/aditya/railsprojects/HealthManagement/spec/models/blood_pressure_detail_spec.rb": {
        "lines": [
          1,
          null,
          1,
          3,
          null,
          1,
          1,
          null,
          1,
          1,
          1,
          null,
          null,
          null
        ]
      },
      "/home/aditya/railsprojects/HealthManagement/spec/rails_helper.rb": {
        "lines": [
          null,
          1,
          1,
          1,
          null,
          1,
          1,
          null,
          null,
          null,
          null,
          null,
          null,
          null,
          null,
          null,
          null,
          null,
          null,
          null,
          null,
          null,
          2,
          null,
          null,
          null,
          null,
          1,
          null,
          0,
          0,
          null,
          1,
          null,
          1,
          null,
          null,
          null,
          null,
          1,
          null,
          null,
          null,
          null,
          null,
          null,
          null,
          null,
          null,
          null,
          null,
          null,
          null,
          null,
          null,
          null,
          null,
          1,
          null,
          null,
          1,
          null,
          null,
          null
        ]
      },
      "/home/aditya/railsprojects/HealthManagement/config/environment.rb": {
        "lines": [
          null,
          1,
          null,
          null,
          1
        ]
      },
      "/home/aditya/railsprojects/HealthManagement/config/application.rb": {
        "lines": [
          1,
          null,
          1,
          null,
          null,
          null,
          1,
          null,
          1,
          1,
          null,
          1,
          null,
          null,
          null,
          null,
          null,
          null,
          null,
          null,
          null,
          null
        ]
      },
      "/home/aditya/railsprojects/HealthManagement/config/boot.rb": {
        "lines": [
          1,
          null,
          1,
          1
        ]
      },
      "/home/aditya/railsprojects/HealthManagement/config/environments/test.rb": {
        "lines": [
          1,
          null,
          null,
          null,
          null,
          null,
          null,
          1,
          null,
          null,
          1,
          1,
          null,
          null,
          null,
          null,
          1,
          null,
          null,
          1,
          1,
          null,
          null,
          null,
          null,
          1,
          1,
          1,
          null,
          null,
          1,
          null,
          null,
          1,
          null,
          null,
          1,
          null,
          1,
          null,
          null,
          null,
          null,
          1,
          null,
          null,
          1,
          null,
          null,
          1,
          null,
          null,
          1,
          null,
          null,
          null,
          null,
          null,
          null,
          null
        ]
      },
      "/home/aditya/railsprojects/HealthManagement/config/initializers/application_controller_renderer.rb": {
        "lines": [
          null,
          null,
          null,
          null,
          null,
          null,
          null,
          null
        ]
      },
      "/home/aditya/railsprojects/HealthManagement/config/initializers/assets.rb": {
        "lines": [
          null,
          null,
          null,
          1,
          null,
          null,
          null,
          null,
          1,
          null,
          null,
          null,
          null,
          null
        ]
      },
      "/home/aditya/railsprojects/HealthManagement/config/initializers/backtrace_silencers.rb": {
        "lines": [
          null,
          null,
          null,
          null,
          null,
          null,
          null,
          1
        ]
      },
      "/home/aditya/railsprojects/HealthManagement/config/initializers/content_security_policy.rb": {
        "lines": [
          null,
          null,
          null,
          null,
          null,
          null,
          null,
          null,
          null,
          null,
          null,
          null,
          null,
          null,
          null,
          null,
          null,
          null,
          null,
          null,
          null,
          null,
          null,
          null,
          null,
          null,
          null,
          null,
          null,
          null
        ]
      },
      "/home/aditya/railsprojects/HealthManagement/config/initializers/cookies_serializer.rb": {
        "lines": [
          null,
          null,
          null,
          null,
          1
        ]
      },
      "/home/aditya/railsprojects/HealthManagement/config/initializers/filter_parameter_logging.rb": {
        "lines": [
          null,
          null,
          null,
          1,
          null,
          null
        ]
      },
      "/home/aditya/railsprojects/HealthManagement/config/initializers/inflections.rb": {
        "lines": [
          null,
          null,
          null,
          null,
          null,
          null,
          null,
          null,
          null,
          null,
          null,
          null,
          null,
          null,
          null,
          null
        ]
      },
      "/home/aditya/railsprojects/HealthManagement/config/initializers/mime_types.rb": {
        "lines": [
          null,
          null,
          null,
          null
        ]
      },
      "/home/aditya/railsprojects/HealthManagement/config/initializers/permissions_policy.rb": {
        "lines": [
          null,
          null,
          null,
          null,
          null,
          null,
          null,
          null,
          null,
          null,
          null
        ]
      },
      "/home/aditya/railsprojects/HealthManagement/config/initializers/wrap_parameters.rb": {
        "lines": [
          null,
          null,
          null,
          null,
          null,
          null,
          1,
          2,
          null,
          null,
          null,
          null,
          null,
          null
        ]
      },
      "/home/aditya/railsprojects/HealthManagement/spec/factories/blood_pressure_detail.rb": {
        "lines": [
          null,
          null,
          1,
          1,
          5,
          5,
          5,
          1,
          null,
          null
        ]
      },
      "/home/aditya/railsprojects/HealthManagement/spec/factories/blood_sugar_detail.rb": {
        "lines": [
          1,
          1,
          5,
          5,
          1,
          null,
          null
        ]
      },
      "/home/aditya/railsprojects/HealthManagement/spec/factories/remind.rb": {
        "lines": [
          1,
          1,
          1,
          1,
          null,
          1,
          1,
          5,
          5,
          1,
          null,
          null
        ]
      },
      "/home/aditya/railsprojects/HealthManagement/spec/factories/user.rb": {
        "lines": [
          1,
          1,
          1,
          40,
          40,
          40,
          40,
          40,
          40,
          40,
          40,
          40,
          null,
          null
        ]
      },
      "/home/aditya/railsprojects/HealthManagement/config/routes.rb": {
        "lines": [
          1,
          1,
          1,
          1,
          1,
          1,
          1,
          1,
          1,
          1,
          1,
          1,
          1,
          1,
          1,
          1,
          null
        ]
      },
      "/home/aditya/railsprojects/HealthManagement/app/helpers/application_helper.rb": {
        "lines": [
          1,
          null
        ]
      },
      "/home/aditya/railsprojects/HealthManagement/app/helpers/blood_pressure_details_helper.rb": {
        "lines": [
          1,
          null
        ]
      },
      "/home/aditya/railsprojects/HealthManagement/app/helpers/blood_sugar_details_helper.rb": {
        "lines": [
          1,
          null
        ]
      },
      "/home/aditya/railsprojects/HealthManagement/app/helpers/reminds_helper.rb": {
        "lines": [
          1,
          null
        ]
      },
      "/home/aditya/railsprojects/HealthManagement/app/helpers/session_helper.rb": {
        "lines": [
          1,
          null
        ]
      },
      "/home/aditya/railsprojects/HealthManagement/app/helpers/users_helper.rb": {
        "lines": [
          1,
          null
        ]
      },
      "/home/aditya/railsprojects/HealthManagement/spec/support/factory_bot.rb": {
        "lines": [
          1,
          1,
          null
        ]
      },
      "/home/aditya/railsprojects/HealthManagement/app/models/blood_pressure_detail.rb": {
        "lines": [
          1,
          1,
          1,
          1,
          1,
          1,
          null,
          1,
          1,
          7,
          6,
          1,
          null,
          null,
          null,
          null
        ]
      },
      "/home/aditya/railsprojects/HealthManagement/app/models/application_record.rb": {
        "lines": [
          1,
          1,
          null
        ]
      },
      "/home/aditya/railsprojects/HealthManagement/spec/models/blood_sugar_detail_spec.rb": {
        "lines": [
          1,
          null,
          1,
          3,
          null,
          1,
          1,
          null,
          1,
          1,
          1,
          null,
          null
        ]
      },
      "/home/aditya/railsprojects/HealthManagement/app/models/blood_sugar_detail.rb": {
        "lines": [
          1,
          1,
          1,
          1,
          1,
          null,
          1,
          1,
          7,
          6,
          1,
          null,
          null,
          null,
          null
        ]
      },
      "/home/aditya/railsprojects/HealthManagement/spec/models/remind_spec.rb": {
        "lines": [
          1,
          null,
          1,
          3,
          null,
          1,
          1,
          null,
          1,
          1,
          1,
          null,
          null
        ]
      },
      "/home/aditya/railsprojects/HealthManagement/app/models/remind.rb": {
        "lines": [
          1,
          1,
          1,
          1,
          1,
          null,
          1,
          1,
          7,
          5,
          1,
          null,
          null,
          null,
          null
        ]
      },
      "/home/aditya/railsprojects/HealthManagement/spec/models/user_spec.rb": {
        "lines": [
          1,
          null,
          1,
          3,
          null,
          1,
          1,
          null,
          null,
          1,
          1,
          1,
          null,
          null
        ]
      },
      "/home/aditya/railsprojects/HealthManagement/app/models/user.rb": {
        "lines": [
          1,
          1,
          1,
          1,
          1,
          1,
          1,
          1,
          1,
          1,
          1,
          1,
          1,
          1,
          1,
          1,
          1,
          null,
          1,
          1,
          38,
          38,
          null,
          null,
          1,
          45,
          41,
          1,
          null,
          null,
          null,
          null,
          1,
          45,
          45,
          null,
          null
        ]
      },
      "/home/aditya/railsprojects/HealthManagement/spec/requests/blood_pressure_details_spec.rb": {
        "lines": [
          1,
          null,
          1,
          6,
          2,
          null,
          1,
          1,
          1,
          1,
          1,
          null,
          null,
          null,
          null,
          1,
          null,
          1,
          1,
          1,
          null,
          null,
          null,
          1,
          1,
          1,
          1,
          1,
          null,
          null,
          null,
          null,
          null,
          1,
          1,
          1,
          1,
          null,
          null,
          null,
          null,
          null,
          null,
          null,
          null,
          null,
          1,
          1,
          1,
          1,
          null,
          null,
          3,
          null,
          null,
          null,
          null,
          null
        ]
      },
      "/home/aditya/railsprojects/HealthManagement/spec/requests/blood_sugar_details_spec.rb": {
        "lines": [
          1,
          null,
          1,
          6,
          2,
          null,
          1,
          1,
          1,
          1,
          1,
          null,
          null,
          null,
          null,
          1,
          null,
          1,
          1,
          1,
          null,
          null,
          null,
          1,
          1,
          1,
          1,
          1,
          null,
          null,
          null,
          null,
          null,
          1,
          1,
          1,
          1,
          null,
          null,
          null,
          null,
          null,
          null,
          null,
          null,
          null,
          1,
          1,
          1,
          1,
          null,
          null,
          3,
          null,
          null,
          null,
          null,
          null
        ]
      },
      "/home/aditya/railsprojects/HealthManagement/spec/requests/reminds_spec.rb": {
        "lines": [
          1,
          null,
          1,
          null,
          null,
          null,
          6,
          2,
          null,
          1,
          1,
          1,
          1,
          1,
          null,
          null,
          null,
          null,
          1,
          null,
          1,
          1,
          1,
          null,
          null,
          null,
          1,
          1,
          1,
          1,
          1,
          null,
          null,
          null,
          null,
          null,
          1,
          1,
          1,
          1,
          null,
          null,
          null,
          null,
          null,
          null,
          null,
          null,
          null,
          1,
          1,
          1,
          1,
          null,
          null,
          3,
          null,
          null,
          null,
          null,
          null
        ]
      },
      "/home/aditya/railsprojects/HealthManagement/spec/requests/user_spec.rb": {
        "lines": [
          1,
          null,
          1,
          5,
          null,
          null,
          null,
          null,
          null,
          1,
          1,
          1,
          1,
          null,
          null,
          null,
          1,
          1,
          1,
          1,
          1,
          null,
          null,
          null,
          null,
          null,
          1,
          1,
          1,
          1,
          null,
          null,
          null,
          null,
          null,
          null,
          null,
          null,
          null,
          1,
          1,
          1,
          1,
          1,
          null,
          null,
          null,
          null,
          null,
          null,
          1,
          1,
          1,
          null,
          1,
          null,
          null,
          null,
          1,
          1,
          1,
          1,
          null,
          null,
          3,
          null,
          null,
          1,
          1,
          1,
          null,
          null,
          3,
          null,
          null,
          null,
          1,
          1,
          2,
          null,
          null,
          5,
          null,
          1,
          1,
          1,
          1,
          null,
          null,
          1,
          1,
          1,
          null,
          null,
          null,
          1,
          null,
          1,
          2,
          null,
          null,
          null,
          null,
          null,
          null,
          1,
          1,
          1,
          null,
          null,
          1,
          1,
          null,
          null,
          null,
          null,
          null,
          null,
          null,
          null,
          null,
          null,
          null,
          null,
          null,
          null,
          null,
          null,
          null,
          null,
          null,
          null,
          null,
          null,
          null
        ]
      },
      "/home/aditya/railsprojects/HealthManagement/app/controllers/blood_pressure_details_controller.rb": {
        "lines": [
          1,
          1,
          1,
          null,
          null,
          1,
          1,
          1,
          1,
          1,
          null,
          null,
          1,
          2,
          2,
          2,
          1,
          null,
          1,
          null,
          null,
          null,
          1,
          1,
          1,
          1,
          1,
          null,
          null
        ]
      },
      "/home/aditya/railsprojects/HealthManagement/app/controllers/application_controller.rb": {
        "lines": [
          1,
          1,
          null,
          1,
          0,
          0,
          null,
          null,
          null,
          1,
          0,
          null,
          null,
          1,
          0,
          null,
          null
        ]
      },
      "/home/aditya/railsprojects/HealthManagement/app/controllers/blood_sugar_details_controller.rb": {
        "lines": [
          1,
          1,
          1,
          null,
          null,
          1,
          1,
          1,
          1,
          1,
          null,
          null,
          1,
          2,
          2,
          2,
          1,
          null,
          1,
          null,
          null,
          null,
          1,
          1,
          1,
          1,
          1,
          null,
          null
        ]
      },
      "/home/aditya/railsprojects/HealthManagement/app/controllers/reminds_controller.rb": {
        "lines": [
          1,
          1,
          1,
          null,
          null,
          1,
          2,
          2,
          2,
          0,
          null,
          2,
          null,
          null,
          null,
          1,
          1,
          1,
          1,
          1,
          null,
          null,
          1,
          1,
          1,
          1,
          1,
          null,
          null
        ]
      },
      "/home/aditya/railsprojects/HealthManagement/app/controllers/users_controller.rb": {
        "lines": [
          1,
          null,
          null,
          1,
          null,
          null,
          1,
          1,
          null,
          null,
          1,
          2,
          2,
          1,
          1,
          null,
          1,
          null,
          null,
          null,
          1,
          1,
          1,
          0,
          0,
          null,
          null,
          null,
          null,
          1,
          1,
          null,
          null,
          1,
          4,
          null,
          4,
          2,
          null,
          2,
          null,
          null,
          null,
          1,
          2,
          2,
          null,
          2,
          null,
          null,
          1,
          null,
          1,
          6,
          null,
          null
        ]
      }
    },
    "timestamp": 1616674886
  }
}
